TN:
SF:src/environments/environment.constant.ts
FN:1,(anonymous_0)
FN:10,(anonymous_1)
FNF:2
FNH:2
FNDA:1,(anonymous_0)
FNDA:1,(anonymous_1)
DA:1,1
DA:2,1
DA:3,1
DA:4,1
DA:5,1
DA:6,1
DA:7,1
DA:10,1
DA:11,1
DA:12,1
DA:13,1
DA:14,1
DA:15,1
DA:16,1
DA:19,1
LF:15
LH:15
BRDA:1,0,0,1
BRDA:1,0,1,1
BRDA:10,1,0,1
BRDA:10,1,1,1
BRF:4
BRH:4
end_of_record
TN:
SF:src/environments/environment.ts
FN:21,(anonymous_6)
FN:32,(anonymous_7)
FN:40,(anonymous_8)
FN:70,(anonymous_9)
FN:78,(anonymous_10)
FN:89,(anonymous_11)
FN:97,(anonymous_12)
FNF:7
FNH:7
FNDA:9,(anonymous_6)
FNDA:10,(anonymous_7)
FNDA:13,(anonymous_8)
FNDA:1,(anonymous_9)
FNDA:1,(anonymous_10)
FNDA:1,(anonymous_11)
FNDA:1,(anonymous_12)
DA:1,1
DA:2,1
DA:3,1
DA:5,1
DA:22,9
DA:23,9
DA:24,9
DA:25,9
DA:33,10
DA:42,13
DA:43,13
DA:44,13
DA:46,1
DA:47,1
DA:49,7
DA:50,7
DA:52,1
DA:53,1
DA:55,2
DA:56,2
DA:58,2
DA:60,13
DA:61,2
DA:63,11
DA:71,1
DA:79,1
DA:90,1
DA:98,1
DA:102,1
LF:29
LH:29
BRDA:22,0,0,9
BRDA:22,0,1,8
BRDA:22,0,2,1
BRDA:24,1,0,9
BRDA:24,1,1,1
BRDA:42,2,0,13
BRDA:42,2,1,1
BRDA:44,3,0,1
BRDA:44,3,1,7
BRDA:44,3,2,1
BRDA:44,3,3,2
BRDA:44,3,4,2
BRDA:60,4,0,2
BRDA:80,5,0,1
BRDA:80,5,1,1
BRF:15
BRH:15
end_of_record
