TN:
SF:src/App.ts
FN:14,(anonymous_1)
FN:31,(anonymous_2)
FN:38,(anonymous_3)
FNF:3
FNH:3
FNDA:2,(anonymous_1)
FNDA:2,(anonymous_2)
FNDA:2,(anonymous_3)
DA:1,2
DA:2,2
DA:3,2
DA:4,2
DA:5,2
DA:6,2
DA:7,2
DA:9,2
DA:15,2
DA:16,2
DA:19,2
DA:22,2
DA:25,2
DA:32,2
DA:40,2
DA:44,2
DA:45,2
DA:46,2
DA:50,2
DA:56,2
LF:20
LH:20
BRF:0
BRH:0
end_of_record
TN:
SF:src/global.ts
FN:9,setGlobalEnvironment
FNF:1
FNH:1
FNDA:2,setGlobalEnvironment
DA:9,2
DA:10,2
LF:2
LH:2
BRF:0
BRH:0
end_of_record
TN:
SF:src/routes.ts
FN:9,registerRoutes
FNF:1
FNH:1
FNDA:2,registerRoutes
DA:1,2
DA:2,2
DA:9,2
DA:10,2
DA:13,2
DA:14,2
DA:16,2
LF:7
LH:7
BRF:0
BRH:0
end_of_record
TN:
SF:src/abstractions/BaseApi.ts
FN:11,(anonymous_1)
FN:22,(anonymous_2)
FNF:2
FNH:2
FNDA:2,(anonymous_1)
FNDA:1,(anonymous_2)
DA:1,2
DA:2,2
DA:3,2
DA:8,2
DA:12,2
DA:23,1
DA:24,1
DA:25,1
DA:29,1
DA:31,1
LF:10
LH:10
BRDA:22,0,0,1
BRDA:25,1,0,1
BRDA:26,2,0,1
BRDA:26,2,1,1
BRF:4
BRH:4
end_of_record
TN:
SF:src/controllers/CleaningBotController.ts
FN:14,(anonymous_1)
FN:26,(anonymous_2)
FN:41,(anonymous_3)
FN:51,(anonymous_4)
FN:20,(anonymous_5)
FN:62,(anonymous_6)
FNF:6
FNH:5
FNDA:2,(anonymous_1)
FNDA:1,(anonymous_2)
FNDA:1,(anonymous_3)
FNDA:0,(anonymous_4)
FNDA:2,(anonymous_5)
FNDA:1,(anonymous_6)
DA:2,2
DA:3,2
DA:4,2
DA:7,2
DA:9,2
DA:15,2
DA:18,2
DA:21,2
DA:22,2
DA:23,2
DA:26,2
DA:30,1
DA:31,1
DA:41,2
DA:46,1
DA:47,1
DA:48,1
DA:49,1
DA:50,1
DA:51,1
DA:52,0
DA:53,0
DA:54,0
DA:55,0
DA:58,1
DA:64,1
LF:26
LH:22
BRF:0
BRH:0
end_of_record
TN:
SF:src/controllers/CleaningBotController.types.ts
FNF:0
FNH:0
DA:11,2
DA:17,2
LF:2
LH:2
BRF:0
BRH:0
end_of_record
TN:
SF:src/environments/environment.constant.ts
FN:1,(anonymous_0)
FN:10,(anonymous_1)
FNF:2
FNH:2
FNDA:3,(anonymous_0)
FNDA:3,(anonymous_1)
DA:1,3
DA:2,3
DA:3,3
DA:4,3
DA:5,3
DA:6,3
DA:7,3
DA:10,3
DA:11,3
DA:12,3
DA:13,3
DA:14,3
DA:15,3
DA:16,3
DA:19,3
LF:15
LH:15
BRDA:1,0,0,3
BRDA:1,0,1,3
BRDA:10,1,0,3
BRDA:10,1,1,3
BRF:4
BRH:4
end_of_record
TN:
SF:src/environments/environment.ts
FN:21,(anonymous_6)
FN:32,(anonymous_7)
FN:40,(anonymous_8)
FN:70,(anonymous_9)
FN:78,(anonymous_10)
FN:89,(anonymous_11)
FN:97,(anonymous_12)
FNF:7
FNH:7
FNDA:11,(anonymous_6)
FNDA:18,(anonymous_7)
FNDA:15,(anonymous_8)
FNDA:2,(anonymous_9)
FNDA:4,(anonymous_10)
FNDA:2,(anonymous_11)
FNDA:1,(anonymous_12)
DA:1,3
DA:2,3
DA:3,3
DA:5,3
DA:22,11
DA:23,11
DA:24,11
DA:25,11
DA:33,18
DA:42,15
DA:43,15
DA:44,15
DA:46,1
DA:47,1
DA:49,9
DA:50,9
DA:52,1
DA:53,1
DA:55,2
DA:56,2
DA:58,2
DA:60,15
DA:61,2
DA:63,13
DA:71,2
DA:79,4
DA:90,2
DA:98,1
DA:102,3
LF:29
LH:29
BRDA:22,0,0,11
BRDA:22,0,1,8
BRDA:22,0,2,1
BRDA:24,1,0,11
BRDA:24,1,1,1
BRDA:42,2,0,15
BRDA:42,2,1,1
BRDA:44,3,0,1
BRDA:44,3,1,9
BRDA:44,3,2,1
BRDA:44,3,3,2
BRDA:44,3,4,2
BRDA:60,4,0,2
BRDA:80,5,0,4
BRDA:80,5,1,4
BRF:15
BRH:15
end_of_record
TN:
SF:src/lib/CleaningBot.ts
FN:4,move
FN:19,handleCommand
FN:24,(anonymous_2)
FN:27,(anonymous_3)
FNF:4
FNH:4
FNDA:8,move
FNDA:3,handleCommand
FNDA:8,(anonymous_2)
FNDA:12,(anonymous_3)
DA:5,8
DA:7,2
DA:9,2
DA:11,2
DA:13,2
DA:15,0
DA:19,3
DA:22,3
DA:23,3
DA:24,3
DA:25,8
DA:26,8
DA:27,12
DA:28,4
DA:32,3
LF:15
LH:14
BRDA:5,0,0,2
BRDA:5,0,1,2
BRDA:5,0,2,2
BRDA:5,0,3,2
BRDA:5,0,4,0
BRDA:25,1,0,8
BRDA:27,2,0,4
BRDA:27,3,0,12
BRDA:27,3,1,8
BRF:9
BRH:8
end_of_record
TN:
SF:src/lib/logger.ts
FNF:0
FNH:0
DA:1,2
DA:3,2
DA:5,2
DA:7,2
DA:8,0
DA:11,2
DA:19,2
LF:7
LH:6
BRDA:7,0,0,0
BRF:1
BRH:0
end_of_record
TN:
SF:src/middleware/error-handler.ts
FN:7,(anonymous_7)
FNF:1
FNH:1
FNDA:3,(anonymous_7)
DA:1,2
DA:3,2
DA:5,2
DA:7,2
DA:13,3
DA:14,0
DA:15,0
DA:21,3
DA:22,3
DA:29,3
DA:38,3
DA:39,0
DA:41,3
DA:42,3
DA:44,3
DA:47,2
LF:16
LH:13
BRDA:13,0,0,0
BRDA:13,0,1,3
BRDA:21,1,0,3
BRDA:21,1,1,2
BRDA:31,2,0,3
BRDA:31,2,1,2
BRDA:38,3,0,0
BRDA:38,4,0,3
BRDA:38,4,1,3
BRF:9
BRH:7
end_of_record
TN:
SF:src/middleware/performance.ts
FN:9,addPerformance
FNF:1
FNH:1
FNDA:2,addPerformance
DA:4,2
DA:5,2
DA:7,2
DA:9,2
DA:14,2
DA:15,2
DA:16,2
DA:17,2
LF:8
LH:8
BRF:0
BRH:0
end_of_record
